Classic Timing Analyzer report for Encoder
Thu Oct 17 00:12:59 2019
Quartus II Version 9.0 Build 132 02/25/2009 SJ Full Version


---------------------
; Table of Contents ;
---------------------
  1. Legal Notice
  2. Timing Analyzer Summary
  3. Timing Analyzer Settings
  4. Parallel Compilation
  5. tpd
  6. Timing Analyzer Messages



----------------
; Legal Notice ;
----------------
Copyright (C) 1991-2009 Altera Corporation
Your use of Altera Corporation's design tools, logic functions 
and other software and tools, and its AMPP partner logic 
functions, and any output files from any of the foregoing 
(including device programming or simulation files), and any 
associated documentation or information are expressly subject 
to the terms and conditions of the Altera Program License 
Subscription Agreement, Altera MegaCore Function License 
Agreement, or other applicable license agreement, including, 
without limitation, that your use is for the sole purpose of 
programming logic devices manufactured by Altera and sold by 
Altera or its authorized distributors.  Please refer to the 
applicable agreement for further details.



+--------------------------------------------------------------------------------------------------------------------------------+
; Timing Analyzer Summary                                                                                                        ;
+------------------------------+-------+---------------+-------------+--------+-----------+------------+----------+--------------+
; Type                         ; Slack ; Required Time ; Actual Time ; From   ; To        ; From Clock ; To Clock ; Failed Paths ;
+------------------------------+-------+---------------+-------------+--------+-----------+------------+----------+--------------+
; Worst-case tpd               ; N/A   ; None          ; 10.021 ns   ; din[4] ; output[0] ; --         ; --       ; 0            ;
; Total number of failed paths ;       ;               ;             ;        ;           ;            ;          ; 0            ;
+------------------------------+-------+---------------+-------------+--------+-----------+------------+----------+--------------+


+--------------------------------------------------------------------------------------------------------------------+
; Timing Analyzer Settings                                                                                           ;
+---------------------------------------------------------------------+--------------------+------+----+-------------+
; Option                                                              ; Setting            ; From ; To ; Entity Name ;
+---------------------------------------------------------------------+--------------------+------+----+-------------+
; Device Name                                                         ; EP2S15F484C3       ;      ;    ;             ;
; Timing Models                                                       ; Final              ;      ;    ;             ;
; Default hold multicycle                                             ; Same as Multicycle ;      ;    ;             ;
; Cut paths between unrelated clock domains                           ; On                 ;      ;    ;             ;
; Cut off read during write signal paths                              ; On                 ;      ;    ;             ;
; Cut off feedback from I/O pins                                      ; On                 ;      ;    ;             ;
; Report Combined Fast/Slow Timing                                    ; Off                ;      ;    ;             ;
; Ignore Clock Settings                                               ; Off                ;      ;    ;             ;
; Analyze latches as synchronous elements                             ; On                 ;      ;    ;             ;
; Enable Recovery/Removal analysis                                    ; Off                ;      ;    ;             ;
; Enable Clock Latency                                                ; Off                ;      ;    ;             ;
; Use TimeQuest Timing Analyzer                                       ; Off                ;      ;    ;             ;
; Number of source nodes to report per destination node               ; 10                 ;      ;    ;             ;
; Number of destination nodes to report                               ; 10                 ;      ;    ;             ;
; Number of paths to report                                           ; 200                ;      ;    ;             ;
; Report Minimum Timing Checks                                        ; Off                ;      ;    ;             ;
; Use Fast Timing Models                                              ; Off                ;      ;    ;             ;
; Report IO Paths Separately                                          ; Off                ;      ;    ;             ;
; Perform Multicorner Analysis                                        ; On                 ;      ;    ;             ;
; Reports the worst-case path for each clock domain and analysis      ; Off                ;      ;    ;             ;
; Removes common clock path pessimism (CCPP) during slack computation ; Off                ;      ;    ;             ;
; Output I/O Timing Endpoint                                          ; Near End           ;      ;    ;             ;
+---------------------------------------------------------------------+--------------------+------+----+-------------+


+------------------------------------------+
; Parallel Compilation                     ;
+----------------------------+-------------+
; Processors                 ; Number      ;
+----------------------------+-------------+
; Number detected on machine ; 6           ;
; Maximum allowed            ; 4           ;
;                            ;             ;
; Average used               ; 1.00        ;
; Maximum used               ; 1           ;
;                            ;             ;
; Usage by Processor         ; % Time Used ;
;     1 processor            ; 100.0%      ;
;     2-6 processors         ;   0.0%      ;
+----------------------------+-------------+


+------------------------------------------------------------------+
; tpd                                                              ;
+-------+-------------------+-----------------+--------+-----------+
; Slack ; Required P2P Time ; Actual P2P Time ; From   ; To        ;
+-------+-------------------+-----------------+--------+-----------+
; N/A   ; None              ; 10.021 ns       ; din[4] ; output[0] ;
; N/A   ; None              ; 10.006 ns       ; din[4] ; output[1] ;
; N/A   ; None              ; 9.991 ns        ; din[4] ; output[2] ;
; N/A   ; None              ; 9.882 ns        ; din[7] ; output[0] ;
; N/A   ; None              ; 9.867 ns        ; din[7] ; output[1] ;
; N/A   ; None              ; 9.852 ns        ; din[7] ; output[2] ;
; N/A   ; None              ; 9.726 ns        ; din[3] ; output[0] ;
; N/A   ; None              ; 9.663 ns        ; din[6] ; output[0] ;
; N/A   ; None              ; 9.648 ns        ; din[6] ; output[1] ;
; N/A   ; None              ; 9.633 ns        ; din[6] ; output[2] ;
; N/A   ; None              ; 9.579 ns        ; din[5] ; output[0] ;
; N/A   ; None              ; 9.564 ns        ; din[5] ; output[1] ;
; N/A   ; None              ; 9.549 ns        ; din[5] ; output[2] ;
; N/A   ; None              ; 9.486 ns        ; din[2] ; output[0] ;
; N/A   ; None              ; 9.284 ns        ; din[1] ; output[0] ;
; N/A   ; None              ; 9.279 ns        ; din[3] ; output[1] ;
; N/A   ; None              ; 9.264 ns        ; din[3] ; output[2] ;
; N/A   ; None              ; 9.201 ns        ; din[2] ; output[1] ;
; N/A   ; None              ; 9.186 ns        ; din[2] ; output[2] ;
; N/A   ; None              ; 8.998 ns        ; din[1] ; output[1] ;
; N/A   ; None              ; 8.983 ns        ; din[1] ; output[2] ;
; N/A   ; None              ; 8.897 ns        ; din[0] ; output[0] ;
; N/A   ; None              ; 8.882 ns        ; din[0] ; output[1] ;
; N/A   ; None              ; 8.867 ns        ; din[0] ; output[2] ;
+-------+-------------------+-----------------+--------+-----------+


+--------------------------+
; Timing Analyzer Messages ;
+--------------------------+
Info: *******************************************************************
Info: Running Quartus II Classic Timing Analyzer
    Info: Version 9.0 Build 132 02/25/2009 SJ Full Version
    Info: Processing started: Thu Oct 17 00:12:59 2019
Info: Command: quartus_tan --read_settings_files=off --write_settings_files=off Encoder -c Encoder --timing_analysis_only
Info: Parallel compilation is enabled and will use 4 of the 6 processors detected
Info: Longest tpd from source pin "din[4]" to destination pin "output[0]" is 10.021 ns
    Info: 1: + IC(0.000 ns) + CELL(0.857 ns) = 0.857 ns; Loc. = PIN_A15; Fanout = 4; PIN Node = 'din[4]'
    Info: 2: + IC(4.589 ns) + CELL(0.366 ns) = 5.812 ns; Loc. = LCCOMB_X27_Y15_N18; Fanout = 3; COMB Node = 'Mux0~248'
    Info: 3: + IC(0.372 ns) + CELL(0.053 ns) = 6.237 ns; Loc. = LCCOMB_X27_Y15_N20; Fanout = 1; COMB Node = 'Mux3~0'
    Info: 4: + IC(0.239 ns) + CELL(0.272 ns) = 6.748 ns; Loc. = LCCOMB_X27_Y15_N12; Fanout = 3; COMB Node = 'Mux3~1'
    Info: 5: + IC(1.301 ns) + CELL(1.972 ns) = 10.021 ns; Loc. = PIN_A6; Fanout = 0; PIN Node = 'output[0]'
    Info: Total cell delay = 3.520 ns ( 35.13 % )
    Info: Total interconnect delay = 6.501 ns ( 64.87 % )
Info: Quartus II Classic Timing Analyzer was successful. 0 errors, 0 warnings
    Info: Peak virtual memory: 200 megabytes
    Info: Processing ended: Thu Oct 17 00:12:59 2019
    Info: Elapsed time: 00:00:00
    Info: Total CPU time (on all processors): 00:00:00


