Simulator report for Decoder
Wed Oct 16 23:30:01 2019
Quartus II Version 9.0 Build 132 02/25/2009 SJ Full Version


---------------------
; Table of Contents ;
---------------------
  1. Legal Notice
  2. Simulator Summary
  3. Simulator Settings
  4. Simulation Waveforms
  5. Coverage Summary
  6. Complete 1/0-Value Coverage
  7. Missing 1-Value Coverage
  8. Missing 0-Value Coverage
  9. Simulator INI Usage
 10. Simulator Messages



----------------
; Legal Notice ;
----------------
Copyright (C) 1991-2009 Altera Corporation
Your use of Altera Corporation's design tools, logic functions 
and other software and tools, and its AMPP partner logic 
functions, and any output files from any of the foregoing 
(including device programming or simulation files), and any 
associated documentation or information are expressly subject 
to the terms and conditions of the Altera Program License 
Subscription Agreement, Altera MegaCore Function License 
Agreement, or other applicable license agreement, including, 
without limitation, that your use is for the sole purpose of 
programming logic devices manufactured by Altera and sold by 
Altera or its authorized distributors.  Please refer to the 
applicable agreement for further details.



+--------------------------------------------+
; Simulator Summary                          ;
+-----------------------------+--------------+
; Type                        ; Value        ;
+-----------------------------+--------------+
; Simulation Start Time       ; 0 ps         ;
; Simulation End Time         ; 1.0 us       ;
; Simulation Netlist Size     ; 392 nodes    ;
; Simulation Coverage         ;      85.97 % ;
; Total Number of Transitions ; 2293         ;
; Simulation Breakpoints      ; 0            ;
; Family                      ; Cyclone      ;
+-----------------------------+--------------+


+-------------------------------------------------------------------------------------------------------------------------+
; Simulator Settings                                                                                                      ;
+--------------------------------------------------------------------------------------------+------------+---------------+
; Option                                                                                     ; Setting    ; Default Value ;
+--------------------------------------------------------------------------------------------+------------+---------------+
; Simulation mode                                                                            ; Functional ; Timing        ;
; Start time                                                                                 ; 0 ns       ; 0 ns          ;
; Simulation results format                                                                  ; CVWF       ;               ;
; Add pins automatically to simulation output waveforms                                      ; On         ; On            ;
; Check outputs                                                                              ; Off        ; Off           ;
; Report simulation coverage                                                                 ; On         ; On            ;
; Display complete 1/0 value coverage report                                                 ; On         ; On            ;
; Display missing 1-value coverage report                                                    ; On         ; On            ;
; Display missing 0-value coverage report                                                    ; On         ; On            ;
; Detect setup and hold time violations                                                      ; Off        ; Off           ;
; Detect glitches                                                                            ; Off        ; Off           ;
; Disable timing delays in Timing Simulation                                                 ; Off        ; Off           ;
; Generate Signal Activity File                                                              ; Off        ; Off           ;
; Generate VCD File for PowerPlay Power Analyzer                                             ; Off        ; Off           ;
; Group bus channels in simulation results                                                   ; Off        ; Off           ;
; Preserve fewer signal transitions to reduce memory requirements                            ; On         ; On            ;
; Trigger vector comparison with the specified mode                                          ; INPUT_EDGE ; INPUT_EDGE    ;
; Disable setup and hold time violations detection in input registers of bi-directional pins ; Off        ; Off           ;
; Overwrite Waveform Inputs With Simulation Outputs                                          ; Off        ;               ;
; Perform Glitch Filtering in Timing Simulation                                              ; Auto       ; Auto          ;
+--------------------------------------------------------------------------------------------+------------+---------------+


+----------------------+
; Simulation Waveforms ;
+----------------------+
Waveform report data cannot be output to ASCII.
Please use Quartus II to view the waveform report data.


+--------------------------------------------------------------------+
; Coverage Summary                                                   ;
+-----------------------------------------------------+--------------+
; Type                                                ; Value        ;
+-----------------------------------------------------+--------------+
; Total coverage as a percentage                      ;      85.97 % ;
; Total nodes checked                                 ; 392          ;
; Total output ports checked                          ; 392          ;
; Total output ports with complete 1/0-value coverage ; 337          ;
; Total output ports with no 1/0-value coverage       ; 54           ;
; Total output ports with no 1-value coverage         ; 55           ;
; Total output ports with no 0-value coverage         ; 54           ;
+-----------------------------------------------------+--------------+


The following table displays output ports that toggle between 1 and 0 during simulation.
+--------------------------------------------------------------------------------------------------------------------------------------------------+
; Complete 1/0-Value Coverage                                                                                                                      ;
+---------------------------------------------------------------+---------------------------------------------------------------+------------------+
; Node Name                                                     ; Output Port Name                                              ; Output Port Type ;
+---------------------------------------------------------------+---------------------------------------------------------------+------------------+
; |Decoder|process_0~0                                          ; |Decoder|process_0~0                                          ; out0             ;
; |Decoder|Y~0                                                  ; |Decoder|Y~0                                                  ; out              ;
; |Decoder|Y~1                                                  ; |Decoder|Y~1                                                  ; out              ;
; |Decoder|Y~2                                                  ; |Decoder|Y~2                                                  ; out              ;
; |Decoder|Y~3                                                  ; |Decoder|Y~3                                                  ; out              ;
; |Decoder|Y~4                                                  ; |Decoder|Y~4                                                  ; out              ;
; |Decoder|Y~5                                                  ; |Decoder|Y~5                                                  ; out              ;
; |Decoder|Y~6                                                  ; |Decoder|Y~6                                                  ; out              ;
; |Decoder|Y~7                                                  ; |Decoder|Y~7                                                  ; out              ;
; |Decoder|A                                                    ; |Decoder|A                                                    ; out              ;
; |Decoder|B                                                    ; |Decoder|B                                                    ; out              ;
; |Decoder|C                                                    ; |Decoder|C                                                    ; out              ;
; |Decoder|G1                                                   ; |Decoder|G1                                                   ; out              ;
; |Decoder|G2AN                                                 ; |Decoder|G2AN                                                 ; out              ;
; |Decoder|G2BN                                                 ; |Decoder|G2BN                                                 ; out              ;
; |Decoder|Y[7]                                                 ; |Decoder|Y[7]                                                 ; pin_out          ;
; |Decoder|Y[6]                                                 ; |Decoder|Y[6]                                                 ; pin_out          ;
; |Decoder|Y[5]                                                 ; |Decoder|Y[5]                                                 ; pin_out          ;
; |Decoder|Y[4]                                                 ; |Decoder|Y[4]                                                 ; pin_out          ;
; |Decoder|Y[3]                                                 ; |Decoder|Y[3]                                                 ; pin_out          ;
; |Decoder|Y[2]                                                 ; |Decoder|Y[2]                                                 ; pin_out          ;
; |Decoder|Y[1]                                                 ; |Decoder|Y[1]                                                 ; pin_out          ;
; |Decoder|Y[0]                                                 ; |Decoder|Y[0]                                                 ; pin_out          ;
; |Decoder|lpm_mux:Mux7|mux_hfc:auto_generated|_~0              ; |Decoder|lpm_mux:Mux7|mux_hfc:auto_generated|_~0              ; out0             ;
; |Decoder|lpm_mux:Mux7|mux_hfc:auto_generated|_~1              ; |Decoder|lpm_mux:Mux7|mux_hfc:auto_generated|_~1              ; out0             ;
; |Decoder|lpm_mux:Mux7|mux_hfc:auto_generated|_~2              ; |Decoder|lpm_mux:Mux7|mux_hfc:auto_generated|_~2              ; out0             ;
; |Decoder|lpm_mux:Mux7|mux_hfc:auto_generated|_~3              ; |Decoder|lpm_mux:Mux7|mux_hfc:auto_generated|_~3              ; out0             ;
; |Decoder|lpm_mux:Mux7|mux_hfc:auto_generated|_~4              ; |Decoder|lpm_mux:Mux7|mux_hfc:auto_generated|_~4              ; out0             ;
; |Decoder|lpm_mux:Mux7|mux_hfc:auto_generated|_~6              ; |Decoder|lpm_mux:Mux7|mux_hfc:auto_generated|_~6              ; out0             ;
; |Decoder|lpm_mux:Mux7|mux_hfc:auto_generated|_~7              ; |Decoder|lpm_mux:Mux7|mux_hfc:auto_generated|_~7              ; out0             ;
; |Decoder|lpm_mux:Mux7|mux_hfc:auto_generated|_~8              ; |Decoder|lpm_mux:Mux7|mux_hfc:auto_generated|_~8              ; out0             ;
; |Decoder|lpm_mux:Mux7|mux_hfc:auto_generated|_~9              ; |Decoder|lpm_mux:Mux7|mux_hfc:auto_generated|_~9              ; out0             ;
; |Decoder|lpm_mux:Mux7|mux_hfc:auto_generated|_~10             ; |Decoder|lpm_mux:Mux7|mux_hfc:auto_generated|_~10             ; out0             ;
; |Decoder|lpm_mux:Mux7|mux_hfc:auto_generated|_~11             ; |Decoder|lpm_mux:Mux7|mux_hfc:auto_generated|_~11             ; out0             ;
; |Decoder|lpm_mux:Mux7|mux_hfc:auto_generated|_~12             ; |Decoder|lpm_mux:Mux7|mux_hfc:auto_generated|_~12             ; out0             ;
; |Decoder|lpm_mux:Mux7|mux_hfc:auto_generated|_~13             ; |Decoder|lpm_mux:Mux7|mux_hfc:auto_generated|_~13             ; out0             ;
; |Decoder|lpm_mux:Mux7|mux_hfc:auto_generated|_~15             ; |Decoder|lpm_mux:Mux7|mux_hfc:auto_generated|_~15             ; out0             ;
; |Decoder|lpm_mux:Mux7|mux_hfc:auto_generated|_~16             ; |Decoder|lpm_mux:Mux7|mux_hfc:auto_generated|_~16             ; out0             ;
; |Decoder|lpm_mux:Mux7|mux_hfc:auto_generated|_~17             ; |Decoder|lpm_mux:Mux7|mux_hfc:auto_generated|_~17             ; out0             ;
; |Decoder|lpm_mux:Mux7|mux_hfc:auto_generated|_~18             ; |Decoder|lpm_mux:Mux7|mux_hfc:auto_generated|_~18             ; out0             ;
; |Decoder|lpm_mux:Mux7|mux_hfc:auto_generated|_~19             ; |Decoder|lpm_mux:Mux7|mux_hfc:auto_generated|_~19             ; out0             ;
; |Decoder|lpm_mux:Mux7|mux_hfc:auto_generated|_~20             ; |Decoder|lpm_mux:Mux7|mux_hfc:auto_generated|_~20             ; out0             ;
; |Decoder|lpm_mux:Mux7|mux_hfc:auto_generated|result_node[0]~0 ; |Decoder|lpm_mux:Mux7|mux_hfc:auto_generated|result_node[0]~0 ; out0             ;
; |Decoder|lpm_mux:Mux7|mux_hfc:auto_generated|_~21             ; |Decoder|lpm_mux:Mux7|mux_hfc:auto_generated|_~21             ; out0             ;
; |Decoder|lpm_mux:Mux7|mux_hfc:auto_generated|_~22             ; |Decoder|lpm_mux:Mux7|mux_hfc:auto_generated|_~22             ; out0             ;
; |Decoder|lpm_mux:Mux7|mux_hfc:auto_generated|_~23             ; |Decoder|lpm_mux:Mux7|mux_hfc:auto_generated|_~23             ; out0             ;
; |Decoder|lpm_mux:Mux7|mux_hfc:auto_generated|_~24             ; |Decoder|lpm_mux:Mux7|mux_hfc:auto_generated|_~24             ; out0             ;
; |Decoder|lpm_mux:Mux7|mux_hfc:auto_generated|_~25             ; |Decoder|lpm_mux:Mux7|mux_hfc:auto_generated|_~25             ; out0             ;
; |Decoder|lpm_mux:Mux7|mux_hfc:auto_generated|_~26             ; |Decoder|lpm_mux:Mux7|mux_hfc:auto_generated|_~26             ; out0             ;
; |Decoder|lpm_mux:Mux7|mux_hfc:auto_generated|_~28             ; |Decoder|lpm_mux:Mux7|mux_hfc:auto_generated|_~28             ; out0             ;
; |Decoder|lpm_mux:Mux7|mux_hfc:auto_generated|_~29             ; |Decoder|lpm_mux:Mux7|mux_hfc:auto_generated|_~29             ; out0             ;
; |Decoder|lpm_mux:Mux7|mux_hfc:auto_generated|_~30             ; |Decoder|lpm_mux:Mux7|mux_hfc:auto_generated|_~30             ; out0             ;
; |Decoder|lpm_mux:Mux7|mux_hfc:auto_generated|_~31             ; |Decoder|lpm_mux:Mux7|mux_hfc:auto_generated|_~31             ; out0             ;
; |Decoder|lpm_mux:Mux7|mux_hfc:auto_generated|_~32             ; |Decoder|lpm_mux:Mux7|mux_hfc:auto_generated|_~32             ; out0             ;
; |Decoder|lpm_mux:Mux7|mux_hfc:auto_generated|_~33             ; |Decoder|lpm_mux:Mux7|mux_hfc:auto_generated|_~33             ; out0             ;
; |Decoder|lpm_mux:Mux7|mux_hfc:auto_generated|_~34             ; |Decoder|lpm_mux:Mux7|mux_hfc:auto_generated|_~34             ; out0             ;
; |Decoder|lpm_mux:Mux7|mux_hfc:auto_generated|_~35             ; |Decoder|lpm_mux:Mux7|mux_hfc:auto_generated|_~35             ; out0             ;
; |Decoder|lpm_mux:Mux7|mux_hfc:auto_generated|_~37             ; |Decoder|lpm_mux:Mux7|mux_hfc:auto_generated|_~37             ; out0             ;
; |Decoder|lpm_mux:Mux7|mux_hfc:auto_generated|_~38             ; |Decoder|lpm_mux:Mux7|mux_hfc:auto_generated|_~38             ; out0             ;
; |Decoder|lpm_mux:Mux7|mux_hfc:auto_generated|_~39             ; |Decoder|lpm_mux:Mux7|mux_hfc:auto_generated|_~39             ; out0             ;
; |Decoder|lpm_mux:Mux7|mux_hfc:auto_generated|_~41             ; |Decoder|lpm_mux:Mux7|mux_hfc:auto_generated|_~41             ; out0             ;
; |Decoder|lpm_mux:Mux7|mux_hfc:auto_generated|_~42             ; |Decoder|lpm_mux:Mux7|mux_hfc:auto_generated|_~42             ; out0             ;
; |Decoder|lpm_mux:Mux7|mux_hfc:auto_generated|result_node[0]~1 ; |Decoder|lpm_mux:Mux7|mux_hfc:auto_generated|result_node[0]~1 ; out0             ;
; |Decoder|lpm_mux:Mux7|mux_hfc:auto_generated|result_node[0]   ; |Decoder|lpm_mux:Mux7|mux_hfc:auto_generated|result_node[0]   ; out0             ;
; |Decoder|lpm_mux:Mux6|mux_hfc:auto_generated|_~0              ; |Decoder|lpm_mux:Mux6|mux_hfc:auto_generated|_~0              ; out0             ;
; |Decoder|lpm_mux:Mux6|mux_hfc:auto_generated|_~1              ; |Decoder|lpm_mux:Mux6|mux_hfc:auto_generated|_~1              ; out0             ;
; |Decoder|lpm_mux:Mux6|mux_hfc:auto_generated|_~2              ; |Decoder|lpm_mux:Mux6|mux_hfc:auto_generated|_~2              ; out0             ;
; |Decoder|lpm_mux:Mux6|mux_hfc:auto_generated|_~3              ; |Decoder|lpm_mux:Mux6|mux_hfc:auto_generated|_~3              ; out0             ;
; |Decoder|lpm_mux:Mux6|mux_hfc:auto_generated|_~4              ; |Decoder|lpm_mux:Mux6|mux_hfc:auto_generated|_~4              ; out0             ;
; |Decoder|lpm_mux:Mux6|mux_hfc:auto_generated|_~5              ; |Decoder|lpm_mux:Mux6|mux_hfc:auto_generated|_~5              ; out0             ;
; |Decoder|lpm_mux:Mux6|mux_hfc:auto_generated|_~6              ; |Decoder|lpm_mux:Mux6|mux_hfc:auto_generated|_~6              ; out0             ;
; |Decoder|lpm_mux:Mux6|mux_hfc:auto_generated|_~7              ; |Decoder|lpm_mux:Mux6|mux_hfc:auto_generated|_~7              ; out0             ;
; |Decoder|lpm_mux:Mux6|mux_hfc:auto_generated|_~8              ; |Decoder|lpm_mux:Mux6|mux_hfc:auto_generated|_~8              ; out0             ;
; |Decoder|lpm_mux:Mux6|mux_hfc:auto_generated|_~9              ; |Decoder|lpm_mux:Mux6|mux_hfc:auto_generated|_~9              ; out0             ;
; |Decoder|lpm_mux:Mux6|mux_hfc:auto_generated|_~10             ; |Decoder|lpm_mux:Mux6|mux_hfc:auto_generated|_~10             ; out0             ;
; |Decoder|lpm_mux:Mux6|mux_hfc:auto_generated|_~11             ; |Decoder|lpm_mux:Mux6|mux_hfc:auto_generated|_~11             ; out0             ;
; |Decoder|lpm_mux:Mux6|mux_hfc:auto_generated|_~12             ; |Decoder|lpm_mux:Mux6|mux_hfc:auto_generated|_~12             ; out0             ;
; |Decoder|lpm_mux:Mux6|mux_hfc:auto_generated|_~13             ; |Decoder|lpm_mux:Mux6|mux_hfc:auto_generated|_~13             ; out0             ;
; |Decoder|lpm_mux:Mux6|mux_hfc:auto_generated|_~14             ; |Decoder|lpm_mux:Mux6|mux_hfc:auto_generated|_~14             ; out0             ;
; |Decoder|lpm_mux:Mux6|mux_hfc:auto_generated|_~15             ; |Decoder|lpm_mux:Mux6|mux_hfc:auto_generated|_~15             ; out0             ;
; |Decoder|lpm_mux:Mux6|mux_hfc:auto_generated|_~16             ; |Decoder|lpm_mux:Mux6|mux_hfc:auto_generated|_~16             ; out0             ;
; |Decoder|lpm_mux:Mux6|mux_hfc:auto_generated|_~17             ; |Decoder|lpm_mux:Mux6|mux_hfc:auto_generated|_~17             ; out0             ;
; |Decoder|lpm_mux:Mux6|mux_hfc:auto_generated|_~19             ; |Decoder|lpm_mux:Mux6|mux_hfc:auto_generated|_~19             ; out0             ;
; |Decoder|lpm_mux:Mux6|mux_hfc:auto_generated|_~20             ; |Decoder|lpm_mux:Mux6|mux_hfc:auto_generated|_~20             ; out0             ;
; |Decoder|lpm_mux:Mux6|mux_hfc:auto_generated|result_node[0]~0 ; |Decoder|lpm_mux:Mux6|mux_hfc:auto_generated|result_node[0]~0 ; out0             ;
; |Decoder|lpm_mux:Mux6|mux_hfc:auto_generated|_~21             ; |Decoder|lpm_mux:Mux6|mux_hfc:auto_generated|_~21             ; out0             ;
; |Decoder|lpm_mux:Mux6|mux_hfc:auto_generated|_~22             ; |Decoder|lpm_mux:Mux6|mux_hfc:auto_generated|_~22             ; out0             ;
; |Decoder|lpm_mux:Mux6|mux_hfc:auto_generated|_~23             ; |Decoder|lpm_mux:Mux6|mux_hfc:auto_generated|_~23             ; out0             ;
; |Decoder|lpm_mux:Mux6|mux_hfc:auto_generated|_~24             ; |Decoder|lpm_mux:Mux6|mux_hfc:auto_generated|_~24             ; out0             ;
; |Decoder|lpm_mux:Mux6|mux_hfc:auto_generated|_~25             ; |Decoder|lpm_mux:Mux6|mux_hfc:auto_generated|_~25             ; out0             ;
; |Decoder|lpm_mux:Mux6|mux_hfc:auto_generated|_~26             ; |Decoder|lpm_mux:Mux6|mux_hfc:auto_generated|_~26             ; out0             ;
; |Decoder|lpm_mux:Mux6|mux_hfc:auto_generated|_~28             ; |Decoder|lpm_mux:Mux6|mux_hfc:auto_generated|_~28             ; out0             ;
; |Decoder|lpm_mux:Mux6|mux_hfc:auto_generated|_~29             ; |Decoder|lpm_mux:Mux6|mux_hfc:auto_generated|_~29             ; out0             ;
; |Decoder|lpm_mux:Mux6|mux_hfc:auto_generated|_~30             ; |Decoder|lpm_mux:Mux6|mux_hfc:auto_generated|_~30             ; out0             ;
; |Decoder|lpm_mux:Mux6|mux_hfc:auto_generated|_~31             ; |Decoder|lpm_mux:Mux6|mux_hfc:auto_generated|_~31             ; out0             ;
; |Decoder|lpm_mux:Mux6|mux_hfc:auto_generated|_~32             ; |Decoder|lpm_mux:Mux6|mux_hfc:auto_generated|_~32             ; out0             ;
; |Decoder|lpm_mux:Mux6|mux_hfc:auto_generated|_~33             ; |Decoder|lpm_mux:Mux6|mux_hfc:auto_generated|_~33             ; out0             ;
; |Decoder|lpm_mux:Mux6|mux_hfc:auto_generated|_~34             ; |Decoder|lpm_mux:Mux6|mux_hfc:auto_generated|_~34             ; out0             ;
; |Decoder|lpm_mux:Mux6|mux_hfc:auto_generated|_~35             ; |Decoder|lpm_mux:Mux6|mux_hfc:auto_generated|_~35             ; out0             ;
; |Decoder|lpm_mux:Mux6|mux_hfc:auto_generated|_~37             ; |Decoder|lpm_mux:Mux6|mux_hfc:auto_generated|_~37             ; out0             ;
; |Decoder|lpm_mux:Mux6|mux_hfc:auto_generated|_~38             ; |Decoder|lpm_mux:Mux6|mux_hfc:auto_generated|_~38             ; out0             ;
; |Decoder|lpm_mux:Mux6|mux_hfc:auto_generated|_~39             ; |Decoder|lpm_mux:Mux6|mux_hfc:auto_generated|_~39             ; out0             ;
; |Decoder|lpm_mux:Mux6|mux_hfc:auto_generated|_~41             ; |Decoder|lpm_mux:Mux6|mux_hfc:auto_generated|_~41             ; out0             ;
; |Decoder|lpm_mux:Mux6|mux_hfc:auto_generated|_~42             ; |Decoder|lpm_mux:Mux6|mux_hfc:auto_generated|_~42             ; out0             ;
; |Decoder|lpm_mux:Mux6|mux_hfc:auto_generated|result_node[0]~1 ; |Decoder|lpm_mux:Mux6|mux_hfc:auto_generated|result_node[0]~1 ; out0             ;
; |Decoder|lpm_mux:Mux6|mux_hfc:auto_generated|result_node[0]   ; |Decoder|lpm_mux:Mux6|mux_hfc:auto_generated|result_node[0]   ; out0             ;
; |Decoder|lpm_mux:Mux5|mux_hfc:auto_generated|_~1              ; |Decoder|lpm_mux:Mux5|mux_hfc:auto_generated|_~1              ; out0             ;
; |Decoder|lpm_mux:Mux5|mux_hfc:auto_generated|_~2              ; |Decoder|lpm_mux:Mux5|mux_hfc:auto_generated|_~2              ; out0             ;
; |Decoder|lpm_mux:Mux5|mux_hfc:auto_generated|_~3              ; |Decoder|lpm_mux:Mux5|mux_hfc:auto_generated|_~3              ; out0             ;
; |Decoder|lpm_mux:Mux5|mux_hfc:auto_generated|_~4              ; |Decoder|lpm_mux:Mux5|mux_hfc:auto_generated|_~4              ; out0             ;
; |Decoder|lpm_mux:Mux5|mux_hfc:auto_generated|_~6              ; |Decoder|lpm_mux:Mux5|mux_hfc:auto_generated|_~6              ; out0             ;
; |Decoder|lpm_mux:Mux5|mux_hfc:auto_generated|_~7              ; |Decoder|lpm_mux:Mux5|mux_hfc:auto_generated|_~7              ; out0             ;
; |Decoder|lpm_mux:Mux5|mux_hfc:auto_generated|_~8              ; |Decoder|lpm_mux:Mux5|mux_hfc:auto_generated|_~8              ; out0             ;
; |Decoder|lpm_mux:Mux5|mux_hfc:auto_generated|_~10             ; |Decoder|lpm_mux:Mux5|mux_hfc:auto_generated|_~10             ; out0             ;
; |Decoder|lpm_mux:Mux5|mux_hfc:auto_generated|_~11             ; |Decoder|lpm_mux:Mux5|mux_hfc:auto_generated|_~11             ; out0             ;
; |Decoder|lpm_mux:Mux5|mux_hfc:auto_generated|_~12             ; |Decoder|lpm_mux:Mux5|mux_hfc:auto_generated|_~12             ; out0             ;
; |Decoder|lpm_mux:Mux5|mux_hfc:auto_generated|_~13             ; |Decoder|lpm_mux:Mux5|mux_hfc:auto_generated|_~13             ; out0             ;
; |Decoder|lpm_mux:Mux5|mux_hfc:auto_generated|_~15             ; |Decoder|lpm_mux:Mux5|mux_hfc:auto_generated|_~15             ; out0             ;
; |Decoder|lpm_mux:Mux5|mux_hfc:auto_generated|_~16             ; |Decoder|lpm_mux:Mux5|mux_hfc:auto_generated|_~16             ; out0             ;
; |Decoder|lpm_mux:Mux5|mux_hfc:auto_generated|_~17             ; |Decoder|lpm_mux:Mux5|mux_hfc:auto_generated|_~17             ; out0             ;
; |Decoder|lpm_mux:Mux5|mux_hfc:auto_generated|_~19             ; |Decoder|lpm_mux:Mux5|mux_hfc:auto_generated|_~19             ; out0             ;
; |Decoder|lpm_mux:Mux5|mux_hfc:auto_generated|_~20             ; |Decoder|lpm_mux:Mux5|mux_hfc:auto_generated|_~20             ; out0             ;
; |Decoder|lpm_mux:Mux5|mux_hfc:auto_generated|result_node[0]~0 ; |Decoder|lpm_mux:Mux5|mux_hfc:auto_generated|result_node[0]~0 ; out0             ;
; |Decoder|lpm_mux:Mux5|mux_hfc:auto_generated|_~21             ; |Decoder|lpm_mux:Mux5|mux_hfc:auto_generated|_~21             ; out0             ;
; |Decoder|lpm_mux:Mux5|mux_hfc:auto_generated|_~22             ; |Decoder|lpm_mux:Mux5|mux_hfc:auto_generated|_~22             ; out0             ;
; |Decoder|lpm_mux:Mux5|mux_hfc:auto_generated|_~23             ; |Decoder|lpm_mux:Mux5|mux_hfc:auto_generated|_~23             ; out0             ;
; |Decoder|lpm_mux:Mux5|mux_hfc:auto_generated|_~24             ; |Decoder|lpm_mux:Mux5|mux_hfc:auto_generated|_~24             ; out0             ;
; |Decoder|lpm_mux:Mux5|mux_hfc:auto_generated|_~25             ; |Decoder|lpm_mux:Mux5|mux_hfc:auto_generated|_~25             ; out0             ;
; |Decoder|lpm_mux:Mux5|mux_hfc:auto_generated|_~26             ; |Decoder|lpm_mux:Mux5|mux_hfc:auto_generated|_~26             ; out0             ;
; |Decoder|lpm_mux:Mux5|mux_hfc:auto_generated|_~28             ; |Decoder|lpm_mux:Mux5|mux_hfc:auto_generated|_~28             ; out0             ;
; |Decoder|lpm_mux:Mux5|mux_hfc:auto_generated|_~29             ; |Decoder|lpm_mux:Mux5|mux_hfc:auto_generated|_~29             ; out0             ;
; |Decoder|lpm_mux:Mux5|mux_hfc:auto_generated|_~30             ; |Decoder|lpm_mux:Mux5|mux_hfc:auto_generated|_~30             ; out0             ;
; |Decoder|lpm_mux:Mux5|mux_hfc:auto_generated|_~31             ; |Decoder|lpm_mux:Mux5|mux_hfc:auto_generated|_~31             ; out0             ;
; |Decoder|lpm_mux:Mux5|mux_hfc:auto_generated|_~32             ; |Decoder|lpm_mux:Mux5|mux_hfc:auto_generated|_~32             ; out0             ;
; |Decoder|lpm_mux:Mux5|mux_hfc:auto_generated|_~33             ; |Decoder|lpm_mux:Mux5|mux_hfc:auto_generated|_~33             ; out0             ;
; |Decoder|lpm_mux:Mux5|mux_hfc:auto_generated|_~34             ; |Decoder|lpm_mux:Mux5|mux_hfc:auto_generated|_~34             ; out0             ;
; |Decoder|lpm_mux:Mux5|mux_hfc:auto_generated|_~35             ; |Decoder|lpm_mux:Mux5|mux_hfc:auto_generated|_~35             ; out0             ;
; |Decoder|lpm_mux:Mux5|mux_hfc:auto_generated|_~37             ; |Decoder|lpm_mux:Mux5|mux_hfc:auto_generated|_~37             ; out0             ;
; |Decoder|lpm_mux:Mux5|mux_hfc:auto_generated|_~38             ; |Decoder|lpm_mux:Mux5|mux_hfc:auto_generated|_~38             ; out0             ;
; |Decoder|lpm_mux:Mux5|mux_hfc:auto_generated|_~39             ; |Decoder|lpm_mux:Mux5|mux_hfc:auto_generated|_~39             ; out0             ;
; |Decoder|lpm_mux:Mux5|mux_hfc:auto_generated|_~41             ; |Decoder|lpm_mux:Mux5|mux_hfc:auto_generated|_~41             ; out0             ;
; |Decoder|lpm_mux:Mux5|mux_hfc:auto_generated|_~42             ; |Decoder|lpm_mux:Mux5|mux_hfc:auto_generated|_~42             ; out0             ;
; |Decoder|lpm_mux:Mux5|mux_hfc:auto_generated|result_node[0]~1 ; |Decoder|lpm_mux:Mux5|mux_hfc:auto_generated|result_node[0]~1 ; out0             ;
; |Decoder|lpm_mux:Mux5|mux_hfc:auto_generated|result_node[0]   ; |Decoder|lpm_mux:Mux5|mux_hfc:auto_generated|result_node[0]   ; out0             ;
; |Decoder|lpm_mux:Mux4|mux_hfc:auto_generated|_~0              ; |Decoder|lpm_mux:Mux4|mux_hfc:auto_generated|_~0              ; out0             ;
; |Decoder|lpm_mux:Mux4|mux_hfc:auto_generated|_~1              ; |Decoder|lpm_mux:Mux4|mux_hfc:auto_generated|_~1              ; out0             ;
; |Decoder|lpm_mux:Mux4|mux_hfc:auto_generated|_~3              ; |Decoder|lpm_mux:Mux4|mux_hfc:auto_generated|_~3              ; out0             ;
; |Decoder|lpm_mux:Mux4|mux_hfc:auto_generated|_~6              ; |Decoder|lpm_mux:Mux4|mux_hfc:auto_generated|_~6              ; out0             ;
; |Decoder|lpm_mux:Mux4|mux_hfc:auto_generated|_~7              ; |Decoder|lpm_mux:Mux4|mux_hfc:auto_generated|_~7              ; out0             ;
; |Decoder|lpm_mux:Mux4|mux_hfc:auto_generated|_~8              ; |Decoder|lpm_mux:Mux4|mux_hfc:auto_generated|_~8              ; out0             ;
; |Decoder|lpm_mux:Mux4|mux_hfc:auto_generated|_~9              ; |Decoder|lpm_mux:Mux4|mux_hfc:auto_generated|_~9              ; out0             ;
; |Decoder|lpm_mux:Mux4|mux_hfc:auto_generated|_~10             ; |Decoder|lpm_mux:Mux4|mux_hfc:auto_generated|_~10             ; out0             ;
; |Decoder|lpm_mux:Mux4|mux_hfc:auto_generated|_~12             ; |Decoder|lpm_mux:Mux4|mux_hfc:auto_generated|_~12             ; out0             ;
; |Decoder|lpm_mux:Mux4|mux_hfc:auto_generated|_~15             ; |Decoder|lpm_mux:Mux4|mux_hfc:auto_generated|_~15             ; out0             ;
; |Decoder|lpm_mux:Mux4|mux_hfc:auto_generated|_~16             ; |Decoder|lpm_mux:Mux4|mux_hfc:auto_generated|_~16             ; out0             ;
; |Decoder|lpm_mux:Mux4|mux_hfc:auto_generated|_~17             ; |Decoder|lpm_mux:Mux4|mux_hfc:auto_generated|_~17             ; out0             ;
; |Decoder|lpm_mux:Mux4|mux_hfc:auto_generated|_~19             ; |Decoder|lpm_mux:Mux4|mux_hfc:auto_generated|_~19             ; out0             ;
; |Decoder|lpm_mux:Mux4|mux_hfc:auto_generated|_~20             ; |Decoder|lpm_mux:Mux4|mux_hfc:auto_generated|_~20             ; out0             ;
; |Decoder|lpm_mux:Mux4|mux_hfc:auto_generated|result_node[0]~0 ; |Decoder|lpm_mux:Mux4|mux_hfc:auto_generated|result_node[0]~0 ; out0             ;
; |Decoder|lpm_mux:Mux4|mux_hfc:auto_generated|_~21             ; |Decoder|lpm_mux:Mux4|mux_hfc:auto_generated|_~21             ; out0             ;
; |Decoder|lpm_mux:Mux4|mux_hfc:auto_generated|_~22             ; |Decoder|lpm_mux:Mux4|mux_hfc:auto_generated|_~22             ; out0             ;
; |Decoder|lpm_mux:Mux4|mux_hfc:auto_generated|_~23             ; |Decoder|lpm_mux:Mux4|mux_hfc:auto_generated|_~23             ; out0             ;
; |Decoder|lpm_mux:Mux4|mux_hfc:auto_generated|_~24             ; |Decoder|lpm_mux:Mux4|mux_hfc:auto_generated|_~24             ; out0             ;
; |Decoder|lpm_mux:Mux4|mux_hfc:auto_generated|_~25             ; |Decoder|lpm_mux:Mux4|mux_hfc:auto_generated|_~25             ; out0             ;
; |Decoder|lpm_mux:Mux4|mux_hfc:auto_generated|_~26             ; |Decoder|lpm_mux:Mux4|mux_hfc:auto_generated|_~26             ; out0             ;
; |Decoder|lpm_mux:Mux4|mux_hfc:auto_generated|_~28             ; |Decoder|lpm_mux:Mux4|mux_hfc:auto_generated|_~28             ; out0             ;
; |Decoder|lpm_mux:Mux4|mux_hfc:auto_generated|_~29             ; |Decoder|lpm_mux:Mux4|mux_hfc:auto_generated|_~29             ; out0             ;
; |Decoder|lpm_mux:Mux4|mux_hfc:auto_generated|_~30             ; |Decoder|lpm_mux:Mux4|mux_hfc:auto_generated|_~30             ; out0             ;
; |Decoder|lpm_mux:Mux4|mux_hfc:auto_generated|_~31             ; |Decoder|lpm_mux:Mux4|mux_hfc:auto_generated|_~31             ; out0             ;
; |Decoder|lpm_mux:Mux4|mux_hfc:auto_generated|_~32             ; |Decoder|lpm_mux:Mux4|mux_hfc:auto_generated|_~32             ; out0             ;
; |Decoder|lpm_mux:Mux4|mux_hfc:auto_generated|_~33             ; |Decoder|lpm_mux:Mux4|mux_hfc:auto_generated|_~33             ; out0             ;
; |Decoder|lpm_mux:Mux4|mux_hfc:auto_generated|_~34             ; |Decoder|lpm_mux:Mux4|mux_hfc:auto_generated|_~34             ; out0             ;
; |Decoder|lpm_mux:Mux4|mux_hfc:auto_generated|_~35             ; |Decoder|lpm_mux:Mux4|mux_hfc:auto_generated|_~35             ; out0             ;
; |Decoder|lpm_mux:Mux4|mux_hfc:auto_generated|_~37             ; |Decoder|lpm_mux:Mux4|mux_hfc:auto_generated|_~37             ; out0             ;
; |Decoder|lpm_mux:Mux4|mux_hfc:auto_generated|_~38             ; |Decoder|lpm_mux:Mux4|mux_hfc:auto_generated|_~38             ; out0             ;
; |Decoder|lpm_mux:Mux4|mux_hfc:auto_generated|_~39             ; |Decoder|lpm_mux:Mux4|mux_hfc:auto_generated|_~39             ; out0             ;
; |Decoder|lpm_mux:Mux4|mux_hfc:auto_generated|_~41             ; |Decoder|lpm_mux:Mux4|mux_hfc:auto_generated|_~41             ; out0             ;
; |Decoder|lpm_mux:Mux4|mux_hfc:auto_generated|_~42             ; |Decoder|lpm_mux:Mux4|mux_hfc:auto_generated|_~42             ; out0             ;
; |Decoder|lpm_mux:Mux4|mux_hfc:auto_generated|result_node[0]~1 ; |Decoder|lpm_mux:Mux4|mux_hfc:auto_generated|result_node[0]~1 ; out0             ;
; |Decoder|lpm_mux:Mux4|mux_hfc:auto_generated|result_node[0]   ; |Decoder|lpm_mux:Mux4|mux_hfc:auto_generated|result_node[0]   ; out0             ;
; |Decoder|lpm_mux:Mux3|mux_hfc:auto_generated|_~0              ; |Decoder|lpm_mux:Mux3|mux_hfc:auto_generated|_~0              ; out0             ;
; |Decoder|lpm_mux:Mux3|mux_hfc:auto_generated|_~1              ; |Decoder|lpm_mux:Mux3|mux_hfc:auto_generated|_~1              ; out0             ;
; |Decoder|lpm_mux:Mux3|mux_hfc:auto_generated|_~2              ; |Decoder|lpm_mux:Mux3|mux_hfc:auto_generated|_~2              ; out0             ;
; |Decoder|lpm_mux:Mux3|mux_hfc:auto_generated|_~3              ; |Decoder|lpm_mux:Mux3|mux_hfc:auto_generated|_~3              ; out0             ;
; |Decoder|lpm_mux:Mux3|mux_hfc:auto_generated|_~4              ; |Decoder|lpm_mux:Mux3|mux_hfc:auto_generated|_~4              ; out0             ;
; |Decoder|lpm_mux:Mux3|mux_hfc:auto_generated|_~6              ; |Decoder|lpm_mux:Mux3|mux_hfc:auto_generated|_~6              ; out0             ;
; |Decoder|lpm_mux:Mux3|mux_hfc:auto_generated|_~7              ; |Decoder|lpm_mux:Mux3|mux_hfc:auto_generated|_~7              ; out0             ;
; |Decoder|lpm_mux:Mux3|mux_hfc:auto_generated|_~8              ; |Decoder|lpm_mux:Mux3|mux_hfc:auto_generated|_~8              ; out0             ;
; |Decoder|lpm_mux:Mux3|mux_hfc:auto_generated|_~9              ; |Decoder|lpm_mux:Mux3|mux_hfc:auto_generated|_~9              ; out0             ;
; |Decoder|lpm_mux:Mux3|mux_hfc:auto_generated|_~10             ; |Decoder|lpm_mux:Mux3|mux_hfc:auto_generated|_~10             ; out0             ;
; |Decoder|lpm_mux:Mux3|mux_hfc:auto_generated|_~11             ; |Decoder|lpm_mux:Mux3|mux_hfc:auto_generated|_~11             ; out0             ;
; |Decoder|lpm_mux:Mux3|mux_hfc:auto_generated|_~12             ; |Decoder|lpm_mux:Mux3|mux_hfc:auto_generated|_~12             ; out0             ;
; |Decoder|lpm_mux:Mux3|mux_hfc:auto_generated|_~13             ; |Decoder|lpm_mux:Mux3|mux_hfc:auto_generated|_~13             ; out0             ;
; |Decoder|lpm_mux:Mux3|mux_hfc:auto_generated|_~15             ; |Decoder|lpm_mux:Mux3|mux_hfc:auto_generated|_~15             ; out0             ;
; |Decoder|lpm_mux:Mux3|mux_hfc:auto_generated|_~16             ; |Decoder|lpm_mux:Mux3|mux_hfc:auto_generated|_~16             ; out0             ;
; |Decoder|lpm_mux:Mux3|mux_hfc:auto_generated|_~17             ; |Decoder|lpm_mux:Mux3|mux_hfc:auto_generated|_~17             ; out0             ;
; |Decoder|lpm_mux:Mux3|mux_hfc:auto_generated|_~19             ; |Decoder|lpm_mux:Mux3|mux_hfc:auto_generated|_~19             ; out0             ;
; |Decoder|lpm_mux:Mux3|mux_hfc:auto_generated|_~20             ; |Decoder|lpm_mux:Mux3|mux_hfc:auto_generated|_~20             ; out0             ;
; |Decoder|lpm_mux:Mux3|mux_hfc:auto_generated|result_node[0]~0 ; |Decoder|lpm_mux:Mux3|mux_hfc:auto_generated|result_node[0]~0 ; out0             ;
; |Decoder|lpm_mux:Mux3|mux_hfc:auto_generated|_~21             ; |Decoder|lpm_mux:Mux3|mux_hfc:auto_generated|_~21             ; out0             ;
; |Decoder|lpm_mux:Mux3|mux_hfc:auto_generated|_~22             ; |Decoder|lpm_mux:Mux3|mux_hfc:auto_generated|_~22             ; out0             ;
; |Decoder|lpm_mux:Mux3|mux_hfc:auto_generated|_~23             ; |Decoder|lpm_mux:Mux3|mux_hfc:auto_generated|_~23             ; out0             ;
; |Decoder|lpm_mux:Mux3|mux_hfc:auto_generated|_~24             ; |Decoder|lpm_mux:Mux3|mux_hfc:auto_generated|_~24             ; out0             ;
; |Decoder|lpm_mux:Mux3|mux_hfc:auto_generated|_~25             ; |Decoder|lpm_mux:Mux3|mux_hfc:auto_generated|_~25             ; out0             ;
; |Decoder|lpm_mux:Mux3|mux_hfc:auto_generated|_~26             ; |Decoder|lpm_mux:Mux3|mux_hfc:auto_generated|_~26             ; out0             ;
; |Decoder|lpm_mux:Mux3|mux_hfc:auto_generated|_~28             ; |Decoder|lpm_mux:Mux3|mux_hfc:auto_generated|_~28             ; out0             ;
; |Decoder|lpm_mux:Mux3|mux_hfc:auto_generated|_~29             ; |Decoder|lpm_mux:Mux3|mux_hfc:auto_generated|_~29             ; out0             ;
; |Decoder|lpm_mux:Mux3|mux_hfc:auto_generated|_~30             ; |Decoder|lpm_mux:Mux3|mux_hfc:auto_generated|_~30             ; out0             ;
; |Decoder|lpm_mux:Mux3|mux_hfc:auto_generated|_~31             ; |Decoder|lpm_mux:Mux3|mux_hfc:auto_generated|_~31             ; out0             ;
; |Decoder|lpm_mux:Mux3|mux_hfc:auto_generated|_~32             ; |Decoder|lpm_mux:Mux3|mux_hfc:auto_generated|_~32             ; out0             ;
; |Decoder|lpm_mux:Mux3|mux_hfc:auto_generated|_~33             ; |Decoder|lpm_mux:Mux3|mux_hfc:auto_generated|_~33             ; out0             ;
; |Decoder|lpm_mux:Mux3|mux_hfc:auto_generated|_~34             ; |Decoder|lpm_mux:Mux3|mux_hfc:auto_generated|_~34             ; out0             ;
; |Decoder|lpm_mux:Mux3|mux_hfc:auto_generated|_~35             ; |Decoder|lpm_mux:Mux3|mux_hfc:auto_generated|_~35             ; out0             ;
; |Decoder|lpm_mux:Mux3|mux_hfc:auto_generated|_~37             ; |Decoder|lpm_mux:Mux3|mux_hfc:auto_generated|_~37             ; out0             ;
; |Decoder|lpm_mux:Mux3|mux_hfc:auto_generated|_~38             ; |Decoder|lpm_mux:Mux3|mux_hfc:auto_generated|_~38             ; out0             ;
; |Decoder|lpm_mux:Mux3|mux_hfc:auto_generated|_~39             ; |Decoder|lpm_mux:Mux3|mux_hfc:auto_generated|_~39             ; out0             ;
; |Decoder|lpm_mux:Mux3|mux_hfc:auto_generated|_~40             ; |Decoder|lpm_mux:Mux3|mux_hfc:auto_generated|_~40             ; out0             ;
; |Decoder|lpm_mux:Mux3|mux_hfc:auto_generated|_~41             ; |Decoder|lpm_mux:Mux3|mux_hfc:auto_generated|_~41             ; out0             ;
; |Decoder|lpm_mux:Mux3|mux_hfc:auto_generated|_~42             ; |Decoder|lpm_mux:Mux3|mux_hfc:auto_generated|_~42             ; out0             ;
; |Decoder|lpm_mux:Mux3|mux_hfc:auto_generated|result_node[0]~1 ; |Decoder|lpm_mux:Mux3|mux_hfc:auto_generated|result_node[0]~1 ; out0             ;
; |Decoder|lpm_mux:Mux3|mux_hfc:auto_generated|result_node[0]   ; |Decoder|lpm_mux:Mux3|mux_hfc:auto_generated|result_node[0]   ; out0             ;
; |Decoder|lpm_mux:Mux2|mux_hfc:auto_generated|_~0              ; |Decoder|lpm_mux:Mux2|mux_hfc:auto_generated|_~0              ; out0             ;
; |Decoder|lpm_mux:Mux2|mux_hfc:auto_generated|_~1              ; |Decoder|lpm_mux:Mux2|mux_hfc:auto_generated|_~1              ; out0             ;
; |Decoder|lpm_mux:Mux2|mux_hfc:auto_generated|_~2              ; |Decoder|lpm_mux:Mux2|mux_hfc:auto_generated|_~2              ; out0             ;
; |Decoder|lpm_mux:Mux2|mux_hfc:auto_generated|_~3              ; |Decoder|lpm_mux:Mux2|mux_hfc:auto_generated|_~3              ; out0             ;
; |Decoder|lpm_mux:Mux2|mux_hfc:auto_generated|_~4              ; |Decoder|lpm_mux:Mux2|mux_hfc:auto_generated|_~4              ; out0             ;
; |Decoder|lpm_mux:Mux2|mux_hfc:auto_generated|_~6              ; |Decoder|lpm_mux:Mux2|mux_hfc:auto_generated|_~6              ; out0             ;
; |Decoder|lpm_mux:Mux2|mux_hfc:auto_generated|_~7              ; |Decoder|lpm_mux:Mux2|mux_hfc:auto_generated|_~7              ; out0             ;
; |Decoder|lpm_mux:Mux2|mux_hfc:auto_generated|_~8              ; |Decoder|lpm_mux:Mux2|mux_hfc:auto_generated|_~8              ; out0             ;
; |Decoder|lpm_mux:Mux2|mux_hfc:auto_generated|_~9              ; |Decoder|lpm_mux:Mux2|mux_hfc:auto_generated|_~9              ; out0             ;
; |Decoder|lpm_mux:Mux2|mux_hfc:auto_generated|_~10             ; |Decoder|lpm_mux:Mux2|mux_hfc:auto_generated|_~10             ; out0             ;
; |Decoder|lpm_mux:Mux2|mux_hfc:auto_generated|_~11             ; |Decoder|lpm_mux:Mux2|mux_hfc:auto_generated|_~11             ; out0             ;
; |Decoder|lpm_mux:Mux2|mux_hfc:auto_generated|_~12             ; |Decoder|lpm_mux:Mux2|mux_hfc:auto_generated|_~12             ; out0             ;
; |Decoder|lpm_mux:Mux2|mux_hfc:auto_generated|_~13             ; |Decoder|lpm_mux:Mux2|mux_hfc:auto_generated|_~13             ; out0             ;
; |Decoder|lpm_mux:Mux2|mux_hfc:auto_generated|_~15             ; |Decoder|lpm_mux:Mux2|mux_hfc:auto_generated|_~15             ; out0             ;
; |Decoder|lpm_mux:Mux2|mux_hfc:auto_generated|_~16             ; |Decoder|lpm_mux:Mux2|mux_hfc:auto_generated|_~16             ; out0             ;
; |Decoder|lpm_mux:Mux2|mux_hfc:auto_generated|_~17             ; |Decoder|lpm_mux:Mux2|mux_hfc:auto_generated|_~17             ; out0             ;
; |Decoder|lpm_mux:Mux2|mux_hfc:auto_generated|_~19             ; |Decoder|lpm_mux:Mux2|mux_hfc:auto_generated|_~19             ; out0             ;
; |Decoder|lpm_mux:Mux2|mux_hfc:auto_generated|_~20             ; |Decoder|lpm_mux:Mux2|mux_hfc:auto_generated|_~20             ; out0             ;
; |Decoder|lpm_mux:Mux2|mux_hfc:auto_generated|result_node[0]~0 ; |Decoder|lpm_mux:Mux2|mux_hfc:auto_generated|result_node[0]~0 ; out0             ;
; |Decoder|lpm_mux:Mux2|mux_hfc:auto_generated|_~21             ; |Decoder|lpm_mux:Mux2|mux_hfc:auto_generated|_~21             ; out0             ;
; |Decoder|lpm_mux:Mux2|mux_hfc:auto_generated|_~22             ; |Decoder|lpm_mux:Mux2|mux_hfc:auto_generated|_~22             ; out0             ;
; |Decoder|lpm_mux:Mux2|mux_hfc:auto_generated|_~23             ; |Decoder|lpm_mux:Mux2|mux_hfc:auto_generated|_~23             ; out0             ;
; |Decoder|lpm_mux:Mux2|mux_hfc:auto_generated|_~24             ; |Decoder|lpm_mux:Mux2|mux_hfc:auto_generated|_~24             ; out0             ;
; |Decoder|lpm_mux:Mux2|mux_hfc:auto_generated|_~25             ; |Decoder|lpm_mux:Mux2|mux_hfc:auto_generated|_~25             ; out0             ;
; |Decoder|lpm_mux:Mux2|mux_hfc:auto_generated|_~26             ; |Decoder|lpm_mux:Mux2|mux_hfc:auto_generated|_~26             ; out0             ;
; |Decoder|lpm_mux:Mux2|mux_hfc:auto_generated|_~27             ; |Decoder|lpm_mux:Mux2|mux_hfc:auto_generated|_~27             ; out0             ;
; |Decoder|lpm_mux:Mux2|mux_hfc:auto_generated|_~28             ; |Decoder|lpm_mux:Mux2|mux_hfc:auto_generated|_~28             ; out0             ;
; |Decoder|lpm_mux:Mux2|mux_hfc:auto_generated|_~29             ; |Decoder|lpm_mux:Mux2|mux_hfc:auto_generated|_~29             ; out0             ;
; |Decoder|lpm_mux:Mux2|mux_hfc:auto_generated|_~30             ; |Decoder|lpm_mux:Mux2|mux_hfc:auto_generated|_~30             ; out0             ;
; |Decoder|lpm_mux:Mux2|mux_hfc:auto_generated|_~31             ; |Decoder|lpm_mux:Mux2|mux_hfc:auto_generated|_~31             ; out0             ;
; |Decoder|lpm_mux:Mux2|mux_hfc:auto_generated|_~32             ; |Decoder|lpm_mux:Mux2|mux_hfc:auto_generated|_~32             ; out0             ;
; |Decoder|lpm_mux:Mux2|mux_hfc:auto_generated|_~33             ; |Decoder|lpm_mux:Mux2|mux_hfc:auto_generated|_~33             ; out0             ;
; |Decoder|lpm_mux:Mux2|mux_hfc:auto_generated|_~34             ; |Decoder|lpm_mux:Mux2|mux_hfc:auto_generated|_~34             ; out0             ;
; |Decoder|lpm_mux:Mux2|mux_hfc:auto_generated|_~35             ; |Decoder|lpm_mux:Mux2|mux_hfc:auto_generated|_~35             ; out0             ;
; |Decoder|lpm_mux:Mux2|mux_hfc:auto_generated|_~36             ; |Decoder|lpm_mux:Mux2|mux_hfc:auto_generated|_~36             ; out0             ;
; |Decoder|lpm_mux:Mux2|mux_hfc:auto_generated|_~37             ; |Decoder|lpm_mux:Mux2|mux_hfc:auto_generated|_~37             ; out0             ;
; |Decoder|lpm_mux:Mux2|mux_hfc:auto_generated|_~38             ; |Decoder|lpm_mux:Mux2|mux_hfc:auto_generated|_~38             ; out0             ;
; |Decoder|lpm_mux:Mux2|mux_hfc:auto_generated|_~39             ; |Decoder|lpm_mux:Mux2|mux_hfc:auto_generated|_~39             ; out0             ;
; |Decoder|lpm_mux:Mux2|mux_hfc:auto_generated|_~41             ; |Decoder|lpm_mux:Mux2|mux_hfc:auto_generated|_~41             ; out0             ;
; |Decoder|lpm_mux:Mux2|mux_hfc:auto_generated|_~42             ; |Decoder|lpm_mux:Mux2|mux_hfc:auto_generated|_~42             ; out0             ;
; |Decoder|lpm_mux:Mux2|mux_hfc:auto_generated|result_node[0]~1 ; |Decoder|lpm_mux:Mux2|mux_hfc:auto_generated|result_node[0]~1 ; out0             ;
; |Decoder|lpm_mux:Mux2|mux_hfc:auto_generated|result_node[0]   ; |Decoder|lpm_mux:Mux2|mux_hfc:auto_generated|result_node[0]   ; out0             ;
; |Decoder|lpm_mux:Mux1|mux_hfc:auto_generated|_~0              ; |Decoder|lpm_mux:Mux1|mux_hfc:auto_generated|_~0              ; out0             ;
; |Decoder|lpm_mux:Mux1|mux_hfc:auto_generated|_~1              ; |Decoder|lpm_mux:Mux1|mux_hfc:auto_generated|_~1              ; out0             ;
; |Decoder|lpm_mux:Mux1|mux_hfc:auto_generated|_~2              ; |Decoder|lpm_mux:Mux1|mux_hfc:auto_generated|_~2              ; out0             ;
; |Decoder|lpm_mux:Mux1|mux_hfc:auto_generated|_~3              ; |Decoder|lpm_mux:Mux1|mux_hfc:auto_generated|_~3              ; out0             ;
; |Decoder|lpm_mux:Mux1|mux_hfc:auto_generated|_~4              ; |Decoder|lpm_mux:Mux1|mux_hfc:auto_generated|_~4              ; out0             ;
; |Decoder|lpm_mux:Mux1|mux_hfc:auto_generated|_~6              ; |Decoder|lpm_mux:Mux1|mux_hfc:auto_generated|_~6              ; out0             ;
; |Decoder|lpm_mux:Mux1|mux_hfc:auto_generated|_~7              ; |Decoder|lpm_mux:Mux1|mux_hfc:auto_generated|_~7              ; out0             ;
; |Decoder|lpm_mux:Mux1|mux_hfc:auto_generated|_~8              ; |Decoder|lpm_mux:Mux1|mux_hfc:auto_generated|_~8              ; out0             ;
; |Decoder|lpm_mux:Mux1|mux_hfc:auto_generated|_~9              ; |Decoder|lpm_mux:Mux1|mux_hfc:auto_generated|_~9              ; out0             ;
; |Decoder|lpm_mux:Mux1|mux_hfc:auto_generated|_~10             ; |Decoder|lpm_mux:Mux1|mux_hfc:auto_generated|_~10             ; out0             ;
; |Decoder|lpm_mux:Mux1|mux_hfc:auto_generated|_~11             ; |Decoder|lpm_mux:Mux1|mux_hfc:auto_generated|_~11             ; out0             ;
; |Decoder|lpm_mux:Mux1|mux_hfc:auto_generated|_~12             ; |Decoder|lpm_mux:Mux1|mux_hfc:auto_generated|_~12             ; out0             ;
; |Decoder|lpm_mux:Mux1|mux_hfc:auto_generated|_~13             ; |Decoder|lpm_mux:Mux1|mux_hfc:auto_generated|_~13             ; out0             ;
; |Decoder|lpm_mux:Mux1|mux_hfc:auto_generated|_~15             ; |Decoder|lpm_mux:Mux1|mux_hfc:auto_generated|_~15             ; out0             ;
; |Decoder|lpm_mux:Mux1|mux_hfc:auto_generated|_~16             ; |Decoder|lpm_mux:Mux1|mux_hfc:auto_generated|_~16             ; out0             ;
; |Decoder|lpm_mux:Mux1|mux_hfc:auto_generated|_~17             ; |Decoder|lpm_mux:Mux1|mux_hfc:auto_generated|_~17             ; out0             ;
; |Decoder|lpm_mux:Mux1|mux_hfc:auto_generated|_~19             ; |Decoder|lpm_mux:Mux1|mux_hfc:auto_generated|_~19             ; out0             ;
; |Decoder|lpm_mux:Mux1|mux_hfc:auto_generated|_~20             ; |Decoder|lpm_mux:Mux1|mux_hfc:auto_generated|_~20             ; out0             ;
; |Decoder|lpm_mux:Mux1|mux_hfc:auto_generated|result_node[0]~0 ; |Decoder|lpm_mux:Mux1|mux_hfc:auto_generated|result_node[0]~0 ; out0             ;
; |Decoder|lpm_mux:Mux1|mux_hfc:auto_generated|_~21             ; |Decoder|lpm_mux:Mux1|mux_hfc:auto_generated|_~21             ; out0             ;
; |Decoder|lpm_mux:Mux1|mux_hfc:auto_generated|_~23             ; |Decoder|lpm_mux:Mux1|mux_hfc:auto_generated|_~23             ; out0             ;
; |Decoder|lpm_mux:Mux1|mux_hfc:auto_generated|_~24             ; |Decoder|lpm_mux:Mux1|mux_hfc:auto_generated|_~24             ; out0             ;
; |Decoder|lpm_mux:Mux1|mux_hfc:auto_generated|_~25             ; |Decoder|lpm_mux:Mux1|mux_hfc:auto_generated|_~25             ; out0             ;
; |Decoder|lpm_mux:Mux1|mux_hfc:auto_generated|_~26             ; |Decoder|lpm_mux:Mux1|mux_hfc:auto_generated|_~26             ; out0             ;
; |Decoder|lpm_mux:Mux1|mux_hfc:auto_generated|_~28             ; |Decoder|lpm_mux:Mux1|mux_hfc:auto_generated|_~28             ; out0             ;
; |Decoder|lpm_mux:Mux1|mux_hfc:auto_generated|_~29             ; |Decoder|lpm_mux:Mux1|mux_hfc:auto_generated|_~29             ; out0             ;
; |Decoder|lpm_mux:Mux1|mux_hfc:auto_generated|_~30             ; |Decoder|lpm_mux:Mux1|mux_hfc:auto_generated|_~30             ; out0             ;
; |Decoder|lpm_mux:Mux1|mux_hfc:auto_generated|_~32             ; |Decoder|lpm_mux:Mux1|mux_hfc:auto_generated|_~32             ; out0             ;
; |Decoder|lpm_mux:Mux1|mux_hfc:auto_generated|_~33             ; |Decoder|lpm_mux:Mux1|mux_hfc:auto_generated|_~33             ; out0             ;
; |Decoder|lpm_mux:Mux1|mux_hfc:auto_generated|_~34             ; |Decoder|lpm_mux:Mux1|mux_hfc:auto_generated|_~34             ; out0             ;
; |Decoder|lpm_mux:Mux1|mux_hfc:auto_generated|_~35             ; |Decoder|lpm_mux:Mux1|mux_hfc:auto_generated|_~35             ; out0             ;
; |Decoder|lpm_mux:Mux1|mux_hfc:auto_generated|_~37             ; |Decoder|lpm_mux:Mux1|mux_hfc:auto_generated|_~37             ; out0             ;
; |Decoder|lpm_mux:Mux1|mux_hfc:auto_generated|_~38             ; |Decoder|lpm_mux:Mux1|mux_hfc:auto_generated|_~38             ; out0             ;
; |Decoder|lpm_mux:Mux1|mux_hfc:auto_generated|_~39             ; |Decoder|lpm_mux:Mux1|mux_hfc:auto_generated|_~39             ; out0             ;
; |Decoder|lpm_mux:Mux1|mux_hfc:auto_generated|_~41             ; |Decoder|lpm_mux:Mux1|mux_hfc:auto_generated|_~41             ; out0             ;
; |Decoder|lpm_mux:Mux1|mux_hfc:auto_generated|_~42             ; |Decoder|lpm_mux:Mux1|mux_hfc:auto_generated|_~42             ; out0             ;
; |Decoder|lpm_mux:Mux1|mux_hfc:auto_generated|result_node[0]~1 ; |Decoder|lpm_mux:Mux1|mux_hfc:auto_generated|result_node[0]~1 ; out0             ;
; |Decoder|lpm_mux:Mux1|mux_hfc:auto_generated|result_node[0]   ; |Decoder|lpm_mux:Mux1|mux_hfc:auto_generated|result_node[0]   ; out0             ;
; |Decoder|lpm_mux:Mux0|mux_hfc:auto_generated|_~0              ; |Decoder|lpm_mux:Mux0|mux_hfc:auto_generated|_~0              ; out0             ;
; |Decoder|lpm_mux:Mux0|mux_hfc:auto_generated|_~1              ; |Decoder|lpm_mux:Mux0|mux_hfc:auto_generated|_~1              ; out0             ;
; |Decoder|lpm_mux:Mux0|mux_hfc:auto_generated|_~2              ; |Decoder|lpm_mux:Mux0|mux_hfc:auto_generated|_~2              ; out0             ;
; |Decoder|lpm_mux:Mux0|mux_hfc:auto_generated|_~3              ; |Decoder|lpm_mux:Mux0|mux_hfc:auto_generated|_~3              ; out0             ;
; |Decoder|lpm_mux:Mux0|mux_hfc:auto_generated|_~4              ; |Decoder|lpm_mux:Mux0|mux_hfc:auto_generated|_~4              ; out0             ;
; |Decoder|lpm_mux:Mux0|mux_hfc:auto_generated|_~6              ; |Decoder|lpm_mux:Mux0|mux_hfc:auto_generated|_~6              ; out0             ;
; |Decoder|lpm_mux:Mux0|mux_hfc:auto_generated|_~7              ; |Decoder|lpm_mux:Mux0|mux_hfc:auto_generated|_~7              ; out0             ;
; |Decoder|lpm_mux:Mux0|mux_hfc:auto_generated|_~8              ; |Decoder|lpm_mux:Mux0|mux_hfc:auto_generated|_~8              ; out0             ;
; |Decoder|lpm_mux:Mux0|mux_hfc:auto_generated|_~9              ; |Decoder|lpm_mux:Mux0|mux_hfc:auto_generated|_~9              ; out0             ;
; |Decoder|lpm_mux:Mux0|mux_hfc:auto_generated|_~10             ; |Decoder|lpm_mux:Mux0|mux_hfc:auto_generated|_~10             ; out0             ;
; |Decoder|lpm_mux:Mux0|mux_hfc:auto_generated|_~11             ; |Decoder|lpm_mux:Mux0|mux_hfc:auto_generated|_~11             ; out0             ;
; |Decoder|lpm_mux:Mux0|mux_hfc:auto_generated|_~12             ; |Decoder|lpm_mux:Mux0|mux_hfc:auto_generated|_~12             ; out0             ;
; |Decoder|lpm_mux:Mux0|mux_hfc:auto_generated|_~13             ; |Decoder|lpm_mux:Mux0|mux_hfc:auto_generated|_~13             ; out0             ;
; |Decoder|lpm_mux:Mux0|mux_hfc:auto_generated|_~15             ; |Decoder|lpm_mux:Mux0|mux_hfc:auto_generated|_~15             ; out0             ;
; |Decoder|lpm_mux:Mux0|mux_hfc:auto_generated|_~16             ; |Decoder|lpm_mux:Mux0|mux_hfc:auto_generated|_~16             ; out0             ;
; |Decoder|lpm_mux:Mux0|mux_hfc:auto_generated|_~17             ; |Decoder|lpm_mux:Mux0|mux_hfc:auto_generated|_~17             ; out0             ;
; |Decoder|lpm_mux:Mux0|mux_hfc:auto_generated|_~19             ; |Decoder|lpm_mux:Mux0|mux_hfc:auto_generated|_~19             ; out0             ;
; |Decoder|lpm_mux:Mux0|mux_hfc:auto_generated|_~20             ; |Decoder|lpm_mux:Mux0|mux_hfc:auto_generated|_~20             ; out0             ;
; |Decoder|lpm_mux:Mux0|mux_hfc:auto_generated|result_node[0]~0 ; |Decoder|lpm_mux:Mux0|mux_hfc:auto_generated|result_node[0]~0 ; out0             ;
; |Decoder|lpm_mux:Mux0|mux_hfc:auto_generated|_~21             ; |Decoder|lpm_mux:Mux0|mux_hfc:auto_generated|_~21             ; out0             ;
; |Decoder|lpm_mux:Mux0|mux_hfc:auto_generated|_~22             ; |Decoder|lpm_mux:Mux0|mux_hfc:auto_generated|_~22             ; out0             ;
; |Decoder|lpm_mux:Mux0|mux_hfc:auto_generated|_~23             ; |Decoder|lpm_mux:Mux0|mux_hfc:auto_generated|_~23             ; out0             ;
; |Decoder|lpm_mux:Mux0|mux_hfc:auto_generated|_~25             ; |Decoder|lpm_mux:Mux0|mux_hfc:auto_generated|_~25             ; out0             ;
; |Decoder|lpm_mux:Mux0|mux_hfc:auto_generated|_~28             ; |Decoder|lpm_mux:Mux0|mux_hfc:auto_generated|_~28             ; out0             ;
; |Decoder|lpm_mux:Mux0|mux_hfc:auto_generated|_~29             ; |Decoder|lpm_mux:Mux0|mux_hfc:auto_generated|_~29             ; out0             ;
; |Decoder|lpm_mux:Mux0|mux_hfc:auto_generated|_~30             ; |Decoder|lpm_mux:Mux0|mux_hfc:auto_generated|_~30             ; out0             ;
; |Decoder|lpm_mux:Mux0|mux_hfc:auto_generated|_~31             ; |Decoder|lpm_mux:Mux0|mux_hfc:auto_generated|_~31             ; out0             ;
; |Decoder|lpm_mux:Mux0|mux_hfc:auto_generated|_~32             ; |Decoder|lpm_mux:Mux0|mux_hfc:auto_generated|_~32             ; out0             ;
; |Decoder|lpm_mux:Mux0|mux_hfc:auto_generated|_~34             ; |Decoder|lpm_mux:Mux0|mux_hfc:auto_generated|_~34             ; out0             ;
; |Decoder|lpm_mux:Mux0|mux_hfc:auto_generated|_~37             ; |Decoder|lpm_mux:Mux0|mux_hfc:auto_generated|_~37             ; out0             ;
; |Decoder|lpm_mux:Mux0|mux_hfc:auto_generated|_~38             ; |Decoder|lpm_mux:Mux0|mux_hfc:auto_generated|_~38             ; out0             ;
; |Decoder|lpm_mux:Mux0|mux_hfc:auto_generated|_~39             ; |Decoder|lpm_mux:Mux0|mux_hfc:auto_generated|_~39             ; out0             ;
; |Decoder|lpm_mux:Mux0|mux_hfc:auto_generated|_~41             ; |Decoder|lpm_mux:Mux0|mux_hfc:auto_generated|_~41             ; out0             ;
; |Decoder|lpm_mux:Mux0|mux_hfc:auto_generated|_~42             ; |Decoder|lpm_mux:Mux0|mux_hfc:auto_generated|_~42             ; out0             ;
; |Decoder|lpm_mux:Mux0|mux_hfc:auto_generated|result_node[0]~1 ; |Decoder|lpm_mux:Mux0|mux_hfc:auto_generated|result_node[0]~1 ; out0             ;
; |Decoder|lpm_mux:Mux0|mux_hfc:auto_generated|result_node[0]   ; |Decoder|lpm_mux:Mux0|mux_hfc:auto_generated|result_node[0]   ; out0             ;
+---------------------------------------------------------------+---------------------------------------------------------------+------------------+


The following table displays output ports that do not toggle to 1 during simulation.
+--------------------------------------------------------------------------------------------------------------------------+
; Missing 1-Value Coverage                                                                                                 ;
+---------------------------------------------------+---------------------------------------------------+------------------+
; Node Name                                         ; Output Port Name                                  ; Output Port Type ;
+---------------------------------------------------+---------------------------------------------------+------------------+
; |Decoder|process_0~1                              ; |Decoder|process_0~1                              ; out0             ;
; |Decoder|lpm_mux:Mux7|mux_hfc:auto_generated|_~5  ; |Decoder|lpm_mux:Mux7|mux_hfc:auto_generated|_~5  ; out0             ;
; |Decoder|lpm_mux:Mux7|mux_hfc:auto_generated|_~14 ; |Decoder|lpm_mux:Mux7|mux_hfc:auto_generated|_~14 ; out0             ;
; |Decoder|lpm_mux:Mux7|mux_hfc:auto_generated|_~27 ; |Decoder|lpm_mux:Mux7|mux_hfc:auto_generated|_~27 ; out0             ;
; |Decoder|lpm_mux:Mux7|mux_hfc:auto_generated|_~36 ; |Decoder|lpm_mux:Mux7|mux_hfc:auto_generated|_~36 ; out0             ;
; |Decoder|lpm_mux:Mux7|mux_hfc:auto_generated|_~40 ; |Decoder|lpm_mux:Mux7|mux_hfc:auto_generated|_~40 ; out0             ;
; |Decoder|lpm_mux:Mux6|mux_hfc:auto_generated|_~18 ; |Decoder|lpm_mux:Mux6|mux_hfc:auto_generated|_~18 ; out0             ;
; |Decoder|lpm_mux:Mux6|mux_hfc:auto_generated|_~27 ; |Decoder|lpm_mux:Mux6|mux_hfc:auto_generated|_~27 ; out0             ;
; |Decoder|lpm_mux:Mux6|mux_hfc:auto_generated|_~36 ; |Decoder|lpm_mux:Mux6|mux_hfc:auto_generated|_~36 ; out0             ;
; |Decoder|lpm_mux:Mux6|mux_hfc:auto_generated|_~40 ; |Decoder|lpm_mux:Mux6|mux_hfc:auto_generated|_~40 ; out0             ;
; |Decoder|lpm_mux:Mux5|mux_hfc:auto_generated|_~0  ; |Decoder|lpm_mux:Mux5|mux_hfc:auto_generated|_~0  ; out0             ;
; |Decoder|lpm_mux:Mux5|mux_hfc:auto_generated|_~5  ; |Decoder|lpm_mux:Mux5|mux_hfc:auto_generated|_~5  ; out0             ;
; |Decoder|lpm_mux:Mux5|mux_hfc:auto_generated|_~9  ; |Decoder|lpm_mux:Mux5|mux_hfc:auto_generated|_~9  ; out0             ;
; |Decoder|lpm_mux:Mux5|mux_hfc:auto_generated|_~14 ; |Decoder|lpm_mux:Mux5|mux_hfc:auto_generated|_~14 ; out0             ;
; |Decoder|lpm_mux:Mux5|mux_hfc:auto_generated|_~18 ; |Decoder|lpm_mux:Mux5|mux_hfc:auto_generated|_~18 ; out0             ;
; |Decoder|lpm_mux:Mux5|mux_hfc:auto_generated|_~27 ; |Decoder|lpm_mux:Mux5|mux_hfc:auto_generated|_~27 ; out0             ;
; |Decoder|lpm_mux:Mux5|mux_hfc:auto_generated|_~36 ; |Decoder|lpm_mux:Mux5|mux_hfc:auto_generated|_~36 ; out0             ;
; |Decoder|lpm_mux:Mux5|mux_hfc:auto_generated|_~40 ; |Decoder|lpm_mux:Mux5|mux_hfc:auto_generated|_~40 ; out0             ;
; |Decoder|lpm_mux:Mux4|mux_hfc:auto_generated|_~2  ; |Decoder|lpm_mux:Mux4|mux_hfc:auto_generated|_~2  ; out0             ;
; |Decoder|lpm_mux:Mux4|mux_hfc:auto_generated|_~4  ; |Decoder|lpm_mux:Mux4|mux_hfc:auto_generated|_~4  ; out0             ;
; |Decoder|lpm_mux:Mux4|mux_hfc:auto_generated|_~5  ; |Decoder|lpm_mux:Mux4|mux_hfc:auto_generated|_~5  ; out0             ;
; |Decoder|lpm_mux:Mux4|mux_hfc:auto_generated|_~11 ; |Decoder|lpm_mux:Mux4|mux_hfc:auto_generated|_~11 ; out0             ;
; |Decoder|lpm_mux:Mux4|mux_hfc:auto_generated|_~13 ; |Decoder|lpm_mux:Mux4|mux_hfc:auto_generated|_~13 ; out0             ;
; |Decoder|lpm_mux:Mux4|mux_hfc:auto_generated|_~14 ; |Decoder|lpm_mux:Mux4|mux_hfc:auto_generated|_~14 ; out0             ;
; |Decoder|lpm_mux:Mux4|mux_hfc:auto_generated|_~18 ; |Decoder|lpm_mux:Mux4|mux_hfc:auto_generated|_~18 ; out0             ;
; |Decoder|lpm_mux:Mux4|mux_hfc:auto_generated|_~27 ; |Decoder|lpm_mux:Mux4|mux_hfc:auto_generated|_~27 ; out0             ;
; |Decoder|lpm_mux:Mux4|mux_hfc:auto_generated|_~36 ; |Decoder|lpm_mux:Mux4|mux_hfc:auto_generated|_~36 ; out0             ;
; |Decoder|lpm_mux:Mux4|mux_hfc:auto_generated|_~40 ; |Decoder|lpm_mux:Mux4|mux_hfc:auto_generated|_~40 ; out0             ;
; |Decoder|lpm_mux:Mux3|mux_hfc:auto_generated|_~5  ; |Decoder|lpm_mux:Mux3|mux_hfc:auto_generated|_~5  ; out0             ;
; |Decoder|lpm_mux:Mux3|mux_hfc:auto_generated|_~14 ; |Decoder|lpm_mux:Mux3|mux_hfc:auto_generated|_~14 ; out0             ;
; |Decoder|lpm_mux:Mux3|mux_hfc:auto_generated|_~18 ; |Decoder|lpm_mux:Mux3|mux_hfc:auto_generated|_~18 ; out0             ;
; |Decoder|lpm_mux:Mux3|mux_hfc:auto_generated|_~27 ; |Decoder|lpm_mux:Mux3|mux_hfc:auto_generated|_~27 ; out0             ;
; |Decoder|lpm_mux:Mux3|mux_hfc:auto_generated|_~36 ; |Decoder|lpm_mux:Mux3|mux_hfc:auto_generated|_~36 ; out0             ;
; |Decoder|lpm_mux:Mux2|mux_hfc:auto_generated|_~5  ; |Decoder|lpm_mux:Mux2|mux_hfc:auto_generated|_~5  ; out0             ;
; |Decoder|lpm_mux:Mux2|mux_hfc:auto_generated|_~14 ; |Decoder|lpm_mux:Mux2|mux_hfc:auto_generated|_~14 ; out0             ;
; |Decoder|lpm_mux:Mux2|mux_hfc:auto_generated|_~18 ; |Decoder|lpm_mux:Mux2|mux_hfc:auto_generated|_~18 ; out0             ;
; |Decoder|lpm_mux:Mux2|mux_hfc:auto_generated|_~40 ; |Decoder|lpm_mux:Mux2|mux_hfc:auto_generated|_~40 ; out0             ;
; |Decoder|lpm_mux:Mux1|mux_hfc:auto_generated|_~5  ; |Decoder|lpm_mux:Mux1|mux_hfc:auto_generated|_~5  ; out0             ;
; |Decoder|lpm_mux:Mux1|mux_hfc:auto_generated|_~14 ; |Decoder|lpm_mux:Mux1|mux_hfc:auto_generated|_~14 ; out0             ;
; |Decoder|lpm_mux:Mux1|mux_hfc:auto_generated|_~18 ; |Decoder|lpm_mux:Mux1|mux_hfc:auto_generated|_~18 ; out0             ;
; |Decoder|lpm_mux:Mux1|mux_hfc:auto_generated|_~22 ; |Decoder|lpm_mux:Mux1|mux_hfc:auto_generated|_~22 ; out0             ;
; |Decoder|lpm_mux:Mux1|mux_hfc:auto_generated|_~27 ; |Decoder|lpm_mux:Mux1|mux_hfc:auto_generated|_~27 ; out0             ;
; |Decoder|lpm_mux:Mux1|mux_hfc:auto_generated|_~31 ; |Decoder|lpm_mux:Mux1|mux_hfc:auto_generated|_~31 ; out0             ;
; |Decoder|lpm_mux:Mux1|mux_hfc:auto_generated|_~36 ; |Decoder|lpm_mux:Mux1|mux_hfc:auto_generated|_~36 ; out0             ;
; |Decoder|lpm_mux:Mux1|mux_hfc:auto_generated|_~40 ; |Decoder|lpm_mux:Mux1|mux_hfc:auto_generated|_~40 ; out0             ;
; |Decoder|lpm_mux:Mux0|mux_hfc:auto_generated|_~5  ; |Decoder|lpm_mux:Mux0|mux_hfc:auto_generated|_~5  ; out0             ;
; |Decoder|lpm_mux:Mux0|mux_hfc:auto_generated|_~14 ; |Decoder|lpm_mux:Mux0|mux_hfc:auto_generated|_~14 ; out0             ;
; |Decoder|lpm_mux:Mux0|mux_hfc:auto_generated|_~18 ; |Decoder|lpm_mux:Mux0|mux_hfc:auto_generated|_~18 ; out0             ;
; |Decoder|lpm_mux:Mux0|mux_hfc:auto_generated|_~24 ; |Decoder|lpm_mux:Mux0|mux_hfc:auto_generated|_~24 ; out0             ;
; |Decoder|lpm_mux:Mux0|mux_hfc:auto_generated|_~26 ; |Decoder|lpm_mux:Mux0|mux_hfc:auto_generated|_~26 ; out0             ;
; |Decoder|lpm_mux:Mux0|mux_hfc:auto_generated|_~27 ; |Decoder|lpm_mux:Mux0|mux_hfc:auto_generated|_~27 ; out0             ;
; |Decoder|lpm_mux:Mux0|mux_hfc:auto_generated|_~33 ; |Decoder|lpm_mux:Mux0|mux_hfc:auto_generated|_~33 ; out0             ;
; |Decoder|lpm_mux:Mux0|mux_hfc:auto_generated|_~35 ; |Decoder|lpm_mux:Mux0|mux_hfc:auto_generated|_~35 ; out0             ;
; |Decoder|lpm_mux:Mux0|mux_hfc:auto_generated|_~36 ; |Decoder|lpm_mux:Mux0|mux_hfc:auto_generated|_~36 ; out0             ;
; |Decoder|lpm_mux:Mux0|mux_hfc:auto_generated|_~40 ; |Decoder|lpm_mux:Mux0|mux_hfc:auto_generated|_~40 ; out0             ;
+---------------------------------------------------+---------------------------------------------------+------------------+


The following table displays output ports that do not toggle to 0 during simulation.
+--------------------------------------------------------------------------------------------------------------------------+
; Missing 0-Value Coverage                                                                                                 ;
+---------------------------------------------------+---------------------------------------------------+------------------+
; Node Name                                         ; Output Port Name                                  ; Output Port Type ;
+---------------------------------------------------+---------------------------------------------------+------------------+
; |Decoder|lpm_mux:Mux7|mux_hfc:auto_generated|_~5  ; |Decoder|lpm_mux:Mux7|mux_hfc:auto_generated|_~5  ; out0             ;
; |Decoder|lpm_mux:Mux7|mux_hfc:auto_generated|_~14 ; |Decoder|lpm_mux:Mux7|mux_hfc:auto_generated|_~14 ; out0             ;
; |Decoder|lpm_mux:Mux7|mux_hfc:auto_generated|_~27 ; |Decoder|lpm_mux:Mux7|mux_hfc:auto_generated|_~27 ; out0             ;
; |Decoder|lpm_mux:Mux7|mux_hfc:auto_generated|_~36 ; |Decoder|lpm_mux:Mux7|mux_hfc:auto_generated|_~36 ; out0             ;
; |Decoder|lpm_mux:Mux7|mux_hfc:auto_generated|_~40 ; |Decoder|lpm_mux:Mux7|mux_hfc:auto_generated|_~40 ; out0             ;
; |Decoder|lpm_mux:Mux6|mux_hfc:auto_generated|_~18 ; |Decoder|lpm_mux:Mux6|mux_hfc:auto_generated|_~18 ; out0             ;
; |Decoder|lpm_mux:Mux6|mux_hfc:auto_generated|_~27 ; |Decoder|lpm_mux:Mux6|mux_hfc:auto_generated|_~27 ; out0             ;
; |Decoder|lpm_mux:Mux6|mux_hfc:auto_generated|_~36 ; |Decoder|lpm_mux:Mux6|mux_hfc:auto_generated|_~36 ; out0             ;
; |Decoder|lpm_mux:Mux6|mux_hfc:auto_generated|_~40 ; |Decoder|lpm_mux:Mux6|mux_hfc:auto_generated|_~40 ; out0             ;
; |Decoder|lpm_mux:Mux5|mux_hfc:auto_generated|_~0  ; |Decoder|lpm_mux:Mux5|mux_hfc:auto_generated|_~0  ; out0             ;
; |Decoder|lpm_mux:Mux5|mux_hfc:auto_generated|_~5  ; |Decoder|lpm_mux:Mux5|mux_hfc:auto_generated|_~5  ; out0             ;
; |Decoder|lpm_mux:Mux5|mux_hfc:auto_generated|_~9  ; |Decoder|lpm_mux:Mux5|mux_hfc:auto_generated|_~9  ; out0             ;
; |Decoder|lpm_mux:Mux5|mux_hfc:auto_generated|_~14 ; |Decoder|lpm_mux:Mux5|mux_hfc:auto_generated|_~14 ; out0             ;
; |Decoder|lpm_mux:Mux5|mux_hfc:auto_generated|_~18 ; |Decoder|lpm_mux:Mux5|mux_hfc:auto_generated|_~18 ; out0             ;
; |Decoder|lpm_mux:Mux5|mux_hfc:auto_generated|_~27 ; |Decoder|lpm_mux:Mux5|mux_hfc:auto_generated|_~27 ; out0             ;
; |Decoder|lpm_mux:Mux5|mux_hfc:auto_generated|_~36 ; |Decoder|lpm_mux:Mux5|mux_hfc:auto_generated|_~36 ; out0             ;
; |Decoder|lpm_mux:Mux5|mux_hfc:auto_generated|_~40 ; |Decoder|lpm_mux:Mux5|mux_hfc:auto_generated|_~40 ; out0             ;
; |Decoder|lpm_mux:Mux4|mux_hfc:auto_generated|_~2  ; |Decoder|lpm_mux:Mux4|mux_hfc:auto_generated|_~2  ; out0             ;
; |Decoder|lpm_mux:Mux4|mux_hfc:auto_generated|_~4  ; |Decoder|lpm_mux:Mux4|mux_hfc:auto_generated|_~4  ; out0             ;
; |Decoder|lpm_mux:Mux4|mux_hfc:auto_generated|_~5  ; |Decoder|lpm_mux:Mux4|mux_hfc:auto_generated|_~5  ; out0             ;
; |Decoder|lpm_mux:Mux4|mux_hfc:auto_generated|_~11 ; |Decoder|lpm_mux:Mux4|mux_hfc:auto_generated|_~11 ; out0             ;
; |Decoder|lpm_mux:Mux4|mux_hfc:auto_generated|_~13 ; |Decoder|lpm_mux:Mux4|mux_hfc:auto_generated|_~13 ; out0             ;
; |Decoder|lpm_mux:Mux4|mux_hfc:auto_generated|_~14 ; |Decoder|lpm_mux:Mux4|mux_hfc:auto_generated|_~14 ; out0             ;
; |Decoder|lpm_mux:Mux4|mux_hfc:auto_generated|_~18 ; |Decoder|lpm_mux:Mux4|mux_hfc:auto_generated|_~18 ; out0             ;
; |Decoder|lpm_mux:Mux4|mux_hfc:auto_generated|_~27 ; |Decoder|lpm_mux:Mux4|mux_hfc:auto_generated|_~27 ; out0             ;
; |Decoder|lpm_mux:Mux4|mux_hfc:auto_generated|_~36 ; |Decoder|lpm_mux:Mux4|mux_hfc:auto_generated|_~36 ; out0             ;
; |Decoder|lpm_mux:Mux4|mux_hfc:auto_generated|_~40 ; |Decoder|lpm_mux:Mux4|mux_hfc:auto_generated|_~40 ; out0             ;
; |Decoder|lpm_mux:Mux3|mux_hfc:auto_generated|_~5  ; |Decoder|lpm_mux:Mux3|mux_hfc:auto_generated|_~5  ; out0             ;
; |Decoder|lpm_mux:Mux3|mux_hfc:auto_generated|_~14 ; |Decoder|lpm_mux:Mux3|mux_hfc:auto_generated|_~14 ; out0             ;
; |Decoder|lpm_mux:Mux3|mux_hfc:auto_generated|_~18 ; |Decoder|lpm_mux:Mux3|mux_hfc:auto_generated|_~18 ; out0             ;
; |Decoder|lpm_mux:Mux3|mux_hfc:auto_generated|_~27 ; |Decoder|lpm_mux:Mux3|mux_hfc:auto_generated|_~27 ; out0             ;
; |Decoder|lpm_mux:Mux3|mux_hfc:auto_generated|_~36 ; |Decoder|lpm_mux:Mux3|mux_hfc:auto_generated|_~36 ; out0             ;
; |Decoder|lpm_mux:Mux2|mux_hfc:auto_generated|_~5  ; |Decoder|lpm_mux:Mux2|mux_hfc:auto_generated|_~5  ; out0             ;
; |Decoder|lpm_mux:Mux2|mux_hfc:auto_generated|_~14 ; |Decoder|lpm_mux:Mux2|mux_hfc:auto_generated|_~14 ; out0             ;
; |Decoder|lpm_mux:Mux2|mux_hfc:auto_generated|_~18 ; |Decoder|lpm_mux:Mux2|mux_hfc:auto_generated|_~18 ; out0             ;
; |Decoder|lpm_mux:Mux2|mux_hfc:auto_generated|_~40 ; |Decoder|lpm_mux:Mux2|mux_hfc:auto_generated|_~40 ; out0             ;
; |Decoder|lpm_mux:Mux1|mux_hfc:auto_generated|_~5  ; |Decoder|lpm_mux:Mux1|mux_hfc:auto_generated|_~5  ; out0             ;
; |Decoder|lpm_mux:Mux1|mux_hfc:auto_generated|_~14 ; |Decoder|lpm_mux:Mux1|mux_hfc:auto_generated|_~14 ; out0             ;
; |Decoder|lpm_mux:Mux1|mux_hfc:auto_generated|_~18 ; |Decoder|lpm_mux:Mux1|mux_hfc:auto_generated|_~18 ; out0             ;
; |Decoder|lpm_mux:Mux1|mux_hfc:auto_generated|_~22 ; |Decoder|lpm_mux:Mux1|mux_hfc:auto_generated|_~22 ; out0             ;
; |Decoder|lpm_mux:Mux1|mux_hfc:auto_generated|_~27 ; |Decoder|lpm_mux:Mux1|mux_hfc:auto_generated|_~27 ; out0             ;
; |Decoder|lpm_mux:Mux1|mux_hfc:auto_generated|_~31 ; |Decoder|lpm_mux:Mux1|mux_hfc:auto_generated|_~31 ; out0             ;
; |Decoder|lpm_mux:Mux1|mux_hfc:auto_generated|_~36 ; |Decoder|lpm_mux:Mux1|mux_hfc:auto_generated|_~36 ; out0             ;
; |Decoder|lpm_mux:Mux1|mux_hfc:auto_generated|_~40 ; |Decoder|lpm_mux:Mux1|mux_hfc:auto_generated|_~40 ; out0             ;
; |Decoder|lpm_mux:Mux0|mux_hfc:auto_generated|_~5  ; |Decoder|lpm_mux:Mux0|mux_hfc:auto_generated|_~5  ; out0             ;
; |Decoder|lpm_mux:Mux0|mux_hfc:auto_generated|_~14 ; |Decoder|lpm_mux:Mux0|mux_hfc:auto_generated|_~14 ; out0             ;
; |Decoder|lpm_mux:Mux0|mux_hfc:auto_generated|_~18 ; |Decoder|lpm_mux:Mux0|mux_hfc:auto_generated|_~18 ; out0             ;
; |Decoder|lpm_mux:Mux0|mux_hfc:auto_generated|_~24 ; |Decoder|lpm_mux:Mux0|mux_hfc:auto_generated|_~24 ; out0             ;
; |Decoder|lpm_mux:Mux0|mux_hfc:auto_generated|_~26 ; |Decoder|lpm_mux:Mux0|mux_hfc:auto_generated|_~26 ; out0             ;
; |Decoder|lpm_mux:Mux0|mux_hfc:auto_generated|_~27 ; |Decoder|lpm_mux:Mux0|mux_hfc:auto_generated|_~27 ; out0             ;
; |Decoder|lpm_mux:Mux0|mux_hfc:auto_generated|_~33 ; |Decoder|lpm_mux:Mux0|mux_hfc:auto_generated|_~33 ; out0             ;
; |Decoder|lpm_mux:Mux0|mux_hfc:auto_generated|_~35 ; |Decoder|lpm_mux:Mux0|mux_hfc:auto_generated|_~35 ; out0             ;
; |Decoder|lpm_mux:Mux0|mux_hfc:auto_generated|_~36 ; |Decoder|lpm_mux:Mux0|mux_hfc:auto_generated|_~36 ; out0             ;
; |Decoder|lpm_mux:Mux0|mux_hfc:auto_generated|_~40 ; |Decoder|lpm_mux:Mux0|mux_hfc:auto_generated|_~40 ; out0             ;
+---------------------------------------------------+---------------------------------------------------+------------------+


+---------------------+
; Simulator INI Usage ;
+--------+------------+
; Option ; Usage      ;
+--------+------------+


+--------------------+
; Simulator Messages ;
+--------------------+
Info: *******************************************************************
Info: Running Quartus II Simulator
    Info: Version 9.0 Build 132 02/25/2009 SJ Full Version
    Info: Processing started: Wed Oct 16 23:30:01 2019
Info: Command: quartus_sim --read_settings_files=on --write_settings_files=off Decoder -c Decoder
Info: Using vector source file "F:/VHDL/Decoder/Decoder.vwf"
Info: Option to preserve fewer signal transitions to reduce memory requirements is enabled
    Info: Simulation has been partitioned into sub-simulations according to the maximum transition count determined by the engine. Transitions from memory will be flushed out to disk at the end of each sub-simulation to reduce memory requirements.
Info: Simulation partitioned into 1 sub-simulations
Info: Simulation coverage is      85.97 %
Info: Number of transitions in simulation is 2293
Info: Quartus II Simulator was successful. 0 errors, 0 warnings
    Info: Peak virtual memory: 166 megabytes
    Info: Processing ended: Wed Oct 16 23:30:01 2019
    Info: Elapsed time: 00:00:00
    Info: Total CPU time (on all processors): 00:00:00


